TN:
SF:src/components/Button.tsx
FN:74,(anonymous_0)
FN:111,(anonymous_1)
FN:160,(anonymous_2)
FN:164,(anonymous_3)
FN:169,(anonymous_4)
FN:175,(anonymous_5)
FNF:6
FNH:2
FNDA:15,(anonymous_0)
FNDA:108,(anonymous_1)
FNDA:0,(anonymous_2)
FNDA:0,(anonymous_3)
FNDA:0,(anonymous_4)
FNDA:0,(anonymous_5)
DA:21,25
DA:65,25
DA:74,25
DA:75,15
DA:111,25
DA:123,108
DA:124,108
DA:125,108
DA:126,108
DA:128,108
DA:152,108
DA:161,0
DA:162,0
DA:165,0
DA:166,0
DA:167,0
DA:170,0
DA:171,0
DA:173,0
DA:176,0
DA:177,0
LF:21
LH:11
BRDA:113,0,0,32
BRDA:114,1,0,81
BRDA:126,2,0,108
BRDA:126,2,1,68
BRDA:140,3,0,55
BRDA:140,3,1,53
BRDA:145,4,0,0
BRDA:145,4,1,108
BRDA:146,5,0,0
BRDA:146,5,1,108
BRDA:147,6,0,55
BRDA:147,6,1,53
BRDA:148,7,0,55
BRDA:148,7,1,53
BRDA:149,8,0,108
BRDA:149,8,1,101
BRDA:156,9,0,108
BRDA:156,9,1,79
BRDA:159,10,0,108
BRDA:159,10,1,93
BRDA:170,11,0,0
BRDA:181,12,0,15
BRDA:181,12,1,93
BRDA:181,13,0,15
BRDA:181,13,1,0
BRF:25
BRH:21
end_of_record
TN:
SF:src/components/InputField.tsx
FN:12,(anonymous_0)
FNF:1
FNH:1
FNDA:50,(anonymous_0)
DA:11,13
DA:26,50
DA:27,50
DA:28,50
DA:29,50
DA:30,50
DA:32,50
DA:62,13
LF:8
LH:8
BRDA:27,0,0,50
BRDA:27,0,1,50
BRDA:28,1,0,22
BRDA:28,1,1,28
BRDA:29,2,0,4
BRDA:29,2,1,46
BRDA:30,3,0,50
BRDA:30,3,1,26
BRDA:41,4,0,4
BRDA:41,4,1,46
BRDA:44,5,0,4
BRDA:44,5,1,46
BRDA:47,6,0,22
BRDA:47,6,1,28
BRDA:52,7,0,4
BRDA:52,7,1,46
BRF:16
BRH:16
end_of_record
TN:
SF:src/components/admin/AdminCard.tsx
FN:45,(anonymous_0)
FNF:1
FNH:1
FNDA:12,(anonymous_0)
DA:20,3
DA:26,3
DA:32,3
DA:38,3
DA:45,3
DA:58,12
DA:60,12
LF:7
LH:7
BRDA:46,0,0,3
BRDA:47,1,0,7
BRDA:58,2,0,5
BRDA:58,2,1,7
BRDA:76,3,0,2
BRDA:76,3,1,10
BRDA:92,4,0,0
BRDA:92,4,1,12
BRDA:121,5,0,5
BRDA:121,5,1,7
BRDA:134,6,0,2
BRDA:134,6,1,10
BRDA:147,7,0,9
BRDA:147,7,1,3
BRDA:161,8,0,5
BRDA:161,8,1,7
BRDA:162,9,0,4
BRDA:162,9,1,8
BRF:18
BRH:17
end_of_record
TN:
SF:src/components/bonus/BonusAlertBanner.tsx
FN:38,(anonymous_0)
FNF:1
FNH:1
FNDA:3,(anonymous_0)
DA:20,3
DA:38,3
DA:46,3
DA:47,3
LF:4
LH:4
BRDA:66,0,0,3
BRDA:66,0,1,0
BRDA:79,1,0,3
BRDA:79,1,1,0
BRDA:96,2,0,2
BRDA:96,2,1,1
BRF:6
BRH:4
end_of_record
TN:
SF:src/components/bonus/BonusStatusBadge.tsx
FN:52,(anonymous_0)
FNF:1
FNH:1
FNDA:15,(anonymous_0)
DA:19,3
DA:52,3
DA:57,15
DA:58,15
LF:4
LH:4
BRDA:55,0,0,15
BRDA:72,1,0,15
BRDA:72,1,1,15
BRDA:74,2,0,15
BRDA:74,2,1,0
BRDA:75,3,0,15
BRDA:75,3,1,15
BRF:7
BRH:6
end_of_record
TN:
SF:src/components/dashboard/KpiSummaryCard.tsx
FN:28,(anonymous_0)
FN:173,(anonymous_1)
FN:176,(anonymous_2)
FN:179,(anonymous_3)
FNF:4
FNH:1
FNDA:10,(anonymous_0)
FNDA:0,(anonymous_1)
FNDA:0,(anonymous_2)
FNDA:0,(anonymous_3)
DA:16,4
DA:22,4
DA:28,4
DA:40,10
DA:41,3
DA:69,7
DA:70,2
DA:99,5
DA:152,10
DA:174,0
DA:177,0
DA:180,0
LF:12
LH:9
BRDA:32,0,0,5
BRDA:35,1,0,7
BRDA:36,2,0,8
BRDA:40,3,0,3
BRDA:40,3,1,7
BRDA:69,4,0,2
BRDA:69,4,1,5
BRDA:122,5,0,5
BRDA:122,5,1,0
BRDA:138,6,0,5
BRDA:138,6,1,0
BRDA:170,7,0,10
BRDA:170,7,1,0
BRDA:182,8,0,3
BRDA:182,8,1,7
BRF:15
BRH:12
end_of_record
TN:
SF:src/components/dashboards/MerchantPOSPanel.tsx
FN:61,(anonymous_0)
FN:150,(anonymous_1)
FN:185,(anonymous_2)
FN:222,(anonymous_3)
FNF:4
FNH:3
FNDA:3,(anonymous_0)
FNDA:6,(anonymous_1)
FNDA:0,(anonymous_2)
FNDA:4,(anonymous_3)
DA:31,2
DA:38,2
DA:49,2
DA:55,2
DA:61,2
DA:73,3
DA:151,6
DA:185,0
DA:223,4
LF:9
LH:8
BRDA:182,0,0,2
BRDA:182,0,1,4
BRDA:232,1,0,2
BRDA:232,1,1,2
BRF:4
BRH:4
end_of_record
TN:
SF:src/components/dashboards/MiningDashboard.tsx
FN:54,(anonymous_0)
FN:287,(anonymous_1)
FN:291,(anonymous_2)
FN:298,(anonymous_3)
FNF:4
FNH:2
FNDA:3,(anonymous_0)
FNDA:10,(anonymous_1)
FNDA:0,(anonymous_2)
FNDA:0,(anonymous_3)
DA:25,2
DA:31,2
DA:37,2
DA:43,2
DA:54,2
DA:63,3
DA:288,10
DA:291,0
DA:299,0
DA:300,0
DA:301,0
LF:11
LH:7
BRDA:294,0,0,10
BRDA:294,0,1,0
BRDA:297,1,0,10
BRDA:297,1,1,0
BRDA:299,2,0,0
BRDA:299,3,0,0
BRDA:299,3,1,0
BRDA:299,3,2,0
BRF:8
BRH:2
end_of_record
TN:
SF:src/components/education/FAQAccordion.tsx
FN:14,(anonymous_0)
FN:31,(anonymous_1)
FN:47,(anonymous_2)
FNF:3
FNH:2
FNDA:1,(anonymous_0)
FNDA:3,(anonymous_1)
FNDA:0,(anonymous_2)
DA:14,1
DA:15,1
DA:17,1
DA:32,3
DA:33,3
DA:47,0
LF:6
LH:5
BRDA:14,0,0,1
BRDA:40,1,0,1
BRDA:40,1,1,2
BRDA:47,2,0,0
BRDA:47,2,1,0
BRDA:80,3,0,1
BRDA:80,3,1,2
BRF:7
BRH:5
end_of_record
TN:
SF:src/components/education/OnboardingCard.tsx
FN:12,(anonymous_0)
FNF:1
FNH:1
FNDA:3,(anonymous_0)
DA:12,2
DA:19,3
LF:2
LH:2
BRF:0
BRH:0
end_of_record
TN:
SF:src/components/forms/LoginForm.tsx
FN:29,(anonymous_0)
FN:47,(anonymous_1)
FN:57,(anonymous_2)
FN:84,(anonymous_3)
FN:94,(anonymous_4)
FN:105,(anonymous_5)
FN:109,(anonymous_6)
FN:123,(anonymous_7)
FNF:8
FNH:2
FNDA:10,(anonymous_0)
FNDA:10,(anonymous_1)
FNDA:0,(anonymous_2)
FNDA:0,(anonymous_3)
FNDA:0,(anonymous_4)
FNDA:0,(anonymous_5)
FNDA:0,(anonymous_6)
FNDA:0,(anonymous_7)
DA:27,4
DA:29,4
DA:43,10
DA:44,10
DA:45,10
DA:47,10
DA:48,10
DA:49,10
DA:51,0
DA:52,0
DA:54,0
DA:57,10
DA:58,0
DA:59,0
DA:60,0
DA:62,0
DA:65,10
DA:84,0
DA:94,0
DA:105,0
DA:109,0
DA:123,0
LF:22
LH:10
BRDA:30,0,0,10
BRDA:31,1,0,10
BRDA:32,2,0,5
BRDA:33,3,0,10
BRDA:35,4,0,0
BRDA:37,5,0,10
BRDA:48,6,0,10
BRDA:48,7,0,10
BRDA:48,7,1,5
BRDA:51,8,0,0
BRDA:59,9,0,0
BRDA:72,10,0,2
BRDA:72,10,1,8
BRDA:117,11,0,0
BRDA:117,11,1,10
BRF:15
BRH:11
end_of_record
TN:
SF:src/components/forms/SignupStepper.tsx
FN:36,(anonymous_0)
FN:52,(anonymous_1)
FN:57,(anonymous_2)
FN:57,(anonymous_3)
FN:61,(anonymous_4)
FN:62,(anonymous_5)
FN:68,(anonymous_6)
FN:70,(anonymous_7)
FN:76,(anonymous_8)
FN:77,(anonymous_9)
FN:80,(anonymous_10)
FN:89,(anonymous_11)
FN:92,(anonymous_12)
FN:93,(anonymous_13)
FN:96,(anonymous_14)
FN:101,(anonymous_15)
FN:106,(anonymous_16)
FN:114,(anonymous_17)
FN:114,(anonymous_18)
FN:122,(anonymous_19)
FN:122,(anonymous_20)
FN:130,(anonymous_21)
FN:130,(anonymous_22)
FN:137,(anonymous_23)
FN:138,(anonymous_24)
FN:149,(anonymous_25)
FN:153,(anonymous_26)
FN:158,(anonymous_27)
FN:181,(anonymous_28)
FN:191,(anonymous_29)
FN:225,(anonymous_30)
FNF:31
FNH:9
FNDA:6,(anonymous_0)
FNDA:6,(anonymous_1)
FNDA:6,(anonymous_2)
FNDA:6,(anonymous_3)
FNDA:0,(anonymous_4)
FNDA:0,(anonymous_5)
FNDA:0,(anonymous_6)
FNDA:0,(anonymous_7)
FNDA:6,(anonymous_8)
FNDA:6,(anonymous_9)
FNDA:0,(anonymous_10)
FNDA:0,(anonymous_11)
FNDA:0,(anonymous_12)
FNDA:0,(anonymous_13)
FNDA:0,(anonymous_14)
FNDA:0,(anonymous_15)
FNDA:6,(anonymous_16)
FNDA:0,(anonymous_17)
FNDA:0,(anonymous_18)
FNDA:0,(anonymous_19)
FNDA:0,(anonymous_20)
FNDA:0,(anonymous_21)
FNDA:0,(anonymous_22)
FNDA:0,(anonymous_23)
FNDA:0,(anonymous_24)
FNDA:0,(anonymous_25)
FNDA:6,(anonymous_26)
FNDA:0,(anonymous_27)
FNDA:0,(anonymous_28)
FNDA:0,(anonymous_29)
FNDA:18,(anonymous_30)
DA:12,3
DA:33,3
DA:34,3
DA:36,3
DA:42,6
DA:43,6
DA:49,6
DA:50,6
DA:52,6
DA:53,6
DA:56,6
DA:57,6
DA:61,6
DA:62,0
DA:68,6
DA:69,0
DA:70,0
DA:71,0
DA:73,0
DA:76,6
DA:77,6
DA:80,6
DA:81,0
DA:82,0
DA:86,0
DA:87,0
DA:89,0
DA:92,6
DA:93,0
DA:96,6
DA:97,0
DA:98,0
DA:100,0
DA:101,0
DA:102,0
DA:106,6
DA:107,6
DA:109,3
DA:114,0
DA:122,0
DA:130,0
DA:138,0
DA:145,2
DA:149,0
DA:154,6
DA:158,0
DA:172,1
DA:182,0
DA:191,0
DA:211,6
DA:217,6
DA:227,18
DA:232,18
LF:53
LH:29
BRDA:37,0,0,0
BRDA:39,1,0,5
BRDA:81,2,0,0
BRDA:97,3,0,0
BRDA:107,4,0,3
BRDA:107,4,1,2
BRDA:107,4,2,1
BRDA:107,4,3,1
BRDA:150,5,0,0
BRDA:150,5,1,2
BRDA:162,6,0,4
BRDA:162,6,1,2
BRDA:180,7,0,1
BRDA:180,7,1,0
BRDA:211,8,0,3
BRDA:211,8,1,3
BRDA:212,9,0,3
BRDA:212,9,1,0
BRDA:212,9,2,0
BRDA:213,10,0,2
BRDA:213,10,1,1
BRDA:227,11,0,6
BRDA:227,11,1,12
BRDA:229,12,0,4
BRDA:229,12,1,8
BRDA:236,13,0,6
BRDA:236,13,1,12
BRDA:255,14,0,1
BRDA:255,14,1,5
BRF:29
BRH:22
end_of_record
TN:
SF:src/components/forms/TurnstileStatus.tsx
FN:18,(anonymous_0)
FNF:1
FNH:1
FNDA:11,(anonymous_0)
DA:5,7
DA:18,7
DA:19,11
DA:21,11
LF:4
LH:4
BRDA:18,0,0,0
BRDA:19,1,0,11
BRDA:19,1,1,10
BRDA:25,2,0,1
BRDA:25,2,1,10
BRDA:29,3,0,1
BRDA:29,3,1,10
BRDA:29,4,0,11
BRDA:29,4,1,1
BRF:9
BRH:8
end_of_record
TN:
SF:src/components/forms/TwoFactorPrompt.tsx
FN:21,(anonymous_0)
FN:35,(anonymous_1)
FN:39,(anonymous_2)
FN:65,(anonymous_3)
FN:86,(anonymous_4)
FN:89,(anonymous_5)
FNF:6
FNH:2
FNDA:6,(anonymous_0)
FNDA:6,(anonymous_1)
FNDA:0,(anonymous_2)
FNDA:0,(anonymous_3)
FNDA:0,(anonymous_4)
FNDA:0,(anonymous_5)
DA:18,3
DA:19,3
DA:21,3
DA:33,6
DA:35,6
DA:37,6
DA:39,6
DA:40,0
DA:41,0
DA:42,0
DA:44,0
DA:47,6
DA:65,0
DA:86,0
DA:89,0
LF:15
LH:8
BRDA:22,0,0,6
BRDA:23,1,0,6
BRDA:24,2,0,6
BRDA:27,3,0,6
BRDA:37,4,0,6
BRDA:37,4,1,0
BRDA:37,4,2,0
BRDA:41,5,0,0
BRDA:54,6,0,1
BRDA:54,6,1,5
BRDA:75,7,0,0
BRDA:75,7,1,6
BRDA:81,8,0,3
BRDA:81,8,1,3
BRF:14
BRH:10
end_of_record
TN:
SF:src/components/organization/OrganizationTreeCanvas.tsx
FN:37,(anonymous_0)
FN:47,(anonymous_1)
FN:55,(anonymous_2)
FN:60,(anonymous_3)
FN:81,(anonymous_4)
FN:92,(anonymous_5)
FN:96,(anonymous_6)
FN:109,(anonymous_7)
FN:112,(anonymous_8)
FN:115,(anonymous_9)
FNF:10
FNH:6
FNDA:3,(anonymous_0)
FNDA:18,(anonymous_1)
FNDA:3,(anonymous_2)
FNDA:3,(anonymous_3)
FNDA:9,(anonymous_4)
FNDA:21,(anonymous_5)
FNDA:0,(anonymous_6)
FNDA:0,(anonymous_7)
FNDA:0,(anonymous_8)
FNDA:0,(anonymous_9)
DA:21,2
DA:27,2
DA:37,2
DA:38,3
DA:39,3
DA:41,3
DA:42,21
DA:43,21
DA:44,9
DA:46,21
DA:47,21
DA:48,18
DA:52,3
DA:55,2
DA:60,3
DA:62,3
DA:82,9
DA:93,21
DA:96,0
DA:110,0
DA:113,0
DA:116,0
LF:22
LH:18
BRDA:43,0,0,9
BRDA:57,1,0,2
BRDA:147,2,0,15
BRDA:147,2,1,6
BRDA:147,3,0,3
BRDA:147,3,1,3
BRF:6
BRH:6
end_of_record
TN:
SF:src/stories/BonusStatus.stories.tsx
FN:15,(anonymous_0)
FN:27,(anonymous_1)
FN:33,(anonymous_2)
FN:36,(anonymous_3)
FN:44,(anonymous_4)
FNF:5
FNH:3
FNDA:3,(anonymous_0)
FNDA:2,(anonymous_1)
FNDA:0,(anonymous_2)
FNDA:0,(anonymous_3)
FNDA:1,(anonymous_4)
DA:6,3
DA:14,3
DA:16,3
DA:26,3
DA:28,2
DA:43,3
DA:45,1
DA:52,9
LF:8
LH:8
BRF:0
BRH:0
end_of_record
TN:
SF:src/stories/Button.stories.tsx
FNF:0
FNH:0
DA:4,2
DA:22,2
DA:29,2
DA:34,4
LF:4
LH:4
BRF:0
BRH:0
end_of_record
TN:
SF:src/stories/FAQAccordion.stories.tsx
FNF:0
FNH:0
DA:4,1
DA:16,1
DA:36,1
LF:3
LH:3
BRF:0
BRH:0
end_of_record
TN:
SF:src/stories/KpiSummaryCard.stories.tsx
FNF:0
FNH:0
DA:5,4
DA:13,4
DA:23,4
DA:31,4
DA:39,4
DA:47,16
LF:6
LH:6
BRF:0
BRH:0
end_of_record
TN:
SF:src/stories/LoginForm.stories.tsx
FNF:0
FNH:0
DA:5,4
DA:38,4
DA:44,4
DA:51,4
DA:59,4
DA:65,16
LF:6
LH:6
BRF:0
BRH:0
end_of_record
TN:
SF:src/stories/MerchantPOSPanel.stories.tsx
FNF:0
FNH:0
DA:8,2
DA:25,2
DA:69,2
DA:79,4
LF:4
LH:4
BRF:0
BRH:0
end_of_record
TN:
SF:src/stories/MiningDashboard.stories.tsx
FNF:0
FNH:0
DA:8,2
DA:24,2
DA:67,2
DA:92,4
LF:4
LH:4
BRF:0
BRH:0
end_of_record
TN:
SF:src/stories/OnboardingCard.stories.tsx
FNF:0
FNH:0
DA:5,2
DA:20,2
DA:29,2
DA:36,4
LF:4
LH:4
BRF:0
BRH:0
end_of_record
TN:
SF:src/stories/OrganizationTreeCanvas.stories.tsx
FN:83,(anonymous_0)
FN:89,(anonymous_1)
FNF:2
FNH:1
FNDA:2,(anonymous_0)
FNDA:0,(anonymous_1)
DA:8,2
DA:71,2
DA:82,2
DA:84,2
DA:85,2
DA:90,0
DA:135,2
DA:140,4
LF:8
LH:7
BRDA:103,0,0,0
BRDA:103,0,1,2
BRF:2
BRH:1
end_of_record
TN:
SF:src/stories/SignupStepper.stories.tsx
FNF:0
FNH:0
DA:5,3
DA:20,3
DA:26,3
DA:32,3
DA:37,9
LF:5
LH:5
BRF:0
BRH:0
end_of_record
TN:
SF:src/stories/TwoFactorPrompt.stories.tsx
FNF:0
FNH:0
DA:5,3
DA:22,3
DA:24,3
DA:31,3
DA:36,9
LF:5
LH:5
BRF:0
BRH:0
end_of_record
TN:
SF:src/stories/admin/ui-kit/Button.stories.tsx
FN:46,(anonymous_0)
FN:50,(anonymous_1)
FN:75,(anonymous_2)
FN:104,(anonymous_3)
FNF:4
FNH:4
FNDA:3,(anonymous_0)
FNDA:15,(anonymous_1)
FNDA:2,(anonymous_2)
FNDA:1,(anonymous_3)
DA:5,4
DA:43,4
DA:45,4
DA:47,3
DA:48,3
DA:51,15
DA:74,4
DA:76,2
DA:103,4
DA:105,1
DA:113,16
LF:11
LH:11
BRF:0
BRH:0
end_of_record
TN:
SF:src/stories/admin/ui-kit/Card.stories.tsx
FN:31,(anonymous_0)
FN:85,(anonymous_1)
FNF:2
FNH:2
FNDA:2,(anonymous_0)
FNDA:1,(anonymous_1)
DA:6,3
DA:28,3
DA:30,3
DA:32,2
DA:84,3
DA:86,1
DA:98,9
LF:7
LH:7
BRF:0
BRH:0
end_of_record
TN:
SF:src/stories/admin/ui-kit/Input.stories.tsx
FN:41,(anonymous_0)
FN:61,(anonymous_1)
FN:69,(anonymous_2)
FNF:3
FNH:2
FNDA:2,(anonymous_0)
FNDA:1,(anonymous_1)
FNDA:0,(anonymous_2)
DA:5,3
DA:38,3
DA:40,3
DA:42,2
DA:60,3
DA:62,1
DA:63,1
DA:69,0
DA:75,9
LF:9
LH:8
BRF:0
BRH:0
end_of_record
